{"timestamp":"2026-04-19T02:18:07.357Z","level":"debug","message":"分析代码安全性"}
{"timestamp":"2026-04-19T02:18:07.362Z","level":"debug","message":"编译代码"}
{"timestamp":"2026-04-19T02:18:07.372Z","level":"debug","message":"编译命令","meta":{"command":"g++ -O2 -std=c++17 -o \"E:\\桌面\\oj\\temp\\judge\\solution_1776565087370_vqpic.exe\" \"E:\\桌面\\oj\\temp\\judge\\solution_1776565087370_vqpic.cpp\""}}
{"timestamp":"2026-04-19T02:18:10.191Z","level":"debug","message":"编译成功"}
{"timestamp":"2026-04-19T02:18:10.191Z","level":"debug","message":"测试用例","meta":{"index":1,"total":6}}
{"timestamp":"2026-04-19T02:18:10.193Z","level":"debug","message":"执行命令","meta":{"command":"solution_1776565087370_vqpic.exe","args":[]}}
{"timestamp":"2026-04-19T02:18:10.452Z","level":"debug","message":"通过","meta":{"time":257,"memory":1024}}
{"timestamp":"2026-04-19T02:18:10.453Z","level":"debug","message":"测试用例","meta":{"index":2,"total":6}}
{"timestamp":"2026-04-19T02:18:10.454Z","level":"debug","message":"执行命令","meta":{"command":"solution_1776565087370_vqpic.exe","args":[]}}
{"timestamp":"2026-04-19T02:18:10.466Z","level":"debug","message":"通过","meta":{"time":10,"memory":1024}}
{"timestamp":"2026-04-19T02:18:10.466Z","level":"debug","message":"测试用例","meta":{"index":3,"total":6}}
{"timestamp":"2026-04-19T02:18:10.468Z","level":"debug","message":"执行命令","meta":{"command":"solution_1776565087370_vqpic.exe","args":[]}}
{"timestamp":"2026-04-19T02:18:10.480Z","level":"debug","message":"通过","meta":{"time":11,"memory":1024}}
{"timestamp":"2026-04-19T02:18:10.481Z","level":"debug","message":"测试用例","meta":{"index":4,"total":6}}
{"timestamp":"2026-04-19T02:18:10.483Z","level":"debug","message":"执行命令","meta":{"command":"solution_1776565087370_vqpic.exe","args":[]}}
{"timestamp":"2026-04-19T02:18:10.496Z","level":"debug","message":"通过","meta":{"time":12,"memory":1024}}
{"timestamp":"2026-04-19T02:18:10.496Z","level":"debug","message":"测试用例","meta":{"index":5,"total":6}}
{"timestamp":"2026-04-19T02:18:10.498Z","level":"debug","message":"执行命令","meta":{"command":"solution_1776565087370_vqpic.exe","args":[]}}
{"timestamp":"2026-04-19T02:18:10.513Z","level":"debug","message":"通过","meta":{"time":13,"memory":1024}}
{"timestamp":"2026-04-19T02:18:10.513Z","level":"debug","message":"测试用例","meta":{"index":6,"total":6}}
{"timestamp":"2026-04-19T02:18:10.516Z","level":"debug","message":"执行命令","meta":{"command":"solution_1776565087370_vqpic.exe","args":[]}}
{"timestamp":"2026-04-19T02:18:10.531Z","level":"debug","message":"通过","meta":{"time":13,"memory":1024}}
{"timestamp":"2026-04-19T02:18:39.825Z","level":"debug","message":"分析代码安全性"}
{"timestamp":"2026-04-19T02:18:39.829Z","level":"debug","message":"编译代码"}
{"timestamp":"2026-04-19T02:18:39.833Z","level":"debug","message":"编译命令","meta":{"command":"g++ -O2 -std=c++17 -o \"E:\\桌面\\oj\\temp\\judge\\solution_1776565119829_w5vli.exe\" \"E:\\桌面\\oj\\temp\\judge\\solution_1776565119829_w5vli.cpp\""}}
{"timestamp":"2026-04-19T02:18:40.254Z","level":"debug","message":"编译成功"}
{"timestamp":"2026-04-19T02:18:40.254Z","level":"debug","message":"测试用例","meta":{"index":1,"total":6}}
{"timestamp":"2026-04-19T02:18:40.255Z","level":"debug","message":"执行命令","meta":{"command":"solution_1776565119829_w5vli.exe","args":[]}}
{"timestamp":"2026-04-19T02:18:40.280Z","level":"debug","message":"通过","meta":{"time":23,"memory":1024}}
{"timestamp":"2026-04-19T02:18:40.281Z","level":"debug","message":"测试用例","meta":{"index":2,"total":6}}
{"timestamp":"2026-04-19T02:18:40.285Z","level":"debug","message":"执行命令","meta":{"command":"solution_1776565119829_w5vli.exe","args":[]}}
{"timestamp":"2026-04-19T02:18:40.300Z","level":"debug","message":"通过","meta":{"time":13,"memory":1024}}
{"timestamp":"2026-04-19T02:18:40.300Z","level":"debug","message":"测试用例","meta":{"index":3,"total":6}}
{"timestamp":"2026-04-19T02:18:40.302Z","level":"debug","message":"执行命令","meta":{"command":"solution_1776565119829_w5vli.exe","args":[]}}
{"timestamp":"2026-04-19T02:18:40.314Z","level":"debug","message":"通过","meta":{"time":10,"memory":1024}}
{"timestamp":"2026-04-19T02:18:40.315Z","level":"debug","message":"测试用例","meta":{"index":4,"total":6}}
{"timestamp":"2026-04-19T02:18:40.317Z","level":"debug","message":"执行命令","meta":{"command":"solution_1776565119829_w5vli.exe","args":[]}}
{"timestamp":"2026-04-19T02:18:40.329Z","level":"debug","message":"通过","meta":{"time":11,"memory":1024}}
{"timestamp":"2026-04-19T02:18:40.330Z","level":"debug","message":"测试用例","meta":{"index":5,"total":6}}
{"timestamp":"2026-04-19T02:18:40.331Z","level":"debug","message":"执行命令","meta":{"command":"solution_1776565119829_w5vli.exe","args":[]}}
{"timestamp":"2026-04-19T02:18:40.347Z","level":"debug","message":"通过","meta":{"time":14,"memory":1024}}
{"timestamp":"2026-04-19T02:18:40.348Z","level":"debug","message":"测试用例","meta":{"index":6,"total":6}}
{"timestamp":"2026-04-19T02:18:40.349Z","level":"debug","message":"执行命令","meta":{"command":"solution_1776565119829_w5vli.exe","args":[]}}
{"timestamp":"2026-04-19T02:18:40.360Z","level":"debug","message":"通过","meta":{"time":10,"memory":1024}}
{"timestamp":"2026-04-19T02:24:05.641Z","level":"debug","message":"分析代码安全性"}
{"timestamp":"2026-04-19T02:24:05.643Z","level":"debug","message":"编译代码"}
{"timestamp":"2026-04-19T02:24:05.649Z","level":"debug","message":"编译命令","meta":{"command":"g++ -O2 -std=c++17 -o \"E:\\桌面\\oj\\temp\\judge\\solution_1776565445644_77v3ej.exe\" \"E:\\桌面\\oj\\temp\\judge\\solution_1776565445644_77v3ej.cpp\""}}
{"timestamp":"2026-04-19T02:24:06.097Z","level":"debug","message":"编译成功"}
{"timestamp":"2026-04-19T02:24:06.098Z","level":"debug","message":"测试用例","meta":{"index":1,"total":6}}
{"timestamp":"2026-04-19T02:24:06.100Z","level":"debug","message":"执行命令","meta":{"command":"solution_1776565445644_77v3ej.exe","args":[]}}
{"timestamp":"2026-04-19T02:24:06.119Z","level":"debug","message":"通过","meta":{"time":18,"memory":1024}}
{"timestamp":"2026-04-19T02:24:06.120Z","level":"debug","message":"测试用例","meta":{"index":2,"total":6}}
{"timestamp":"2026-04-19T02:24:06.122Z","level":"debug","message":"执行命令","meta":{"command":"solution_1776565445644_77v3ej.exe","args":[]}}
{"timestamp":"2026-04-19T02:24:06.135Z","level":"debug","message":"通过","meta":{"time":12,"memory":1024}}
{"timestamp":"2026-04-19T02:24:06.136Z","level":"debug","message":"测试用例","meta":{"index":3,"total":6}}
{"timestamp":"2026-04-19T02:24:06.138Z","level":"debug","message":"执行命令","meta":{"command":"solution_1776565445644_77v3ej.exe","args":[]}}
{"timestamp":"2026-04-19T02:24:06.151Z","level":"debug","message":"通过","meta":{"time":12,"memory":1024}}
{"timestamp":"2026-04-19T02:24:06.151Z","level":"debug","message":"测试用例","meta":{"index":4,"total":6}}
{"timestamp":"2026-04-19T02:24:06.154Z","level":"debug","message":"执行命令","meta":{"command":"solution_1776565445644_77v3ej.exe","args":[]}}
{"timestamp":"2026-04-19T02:24:06.167Z","level":"debug","message":"通过","meta":{"time":12,"memory":1024}}
{"timestamp":"2026-04-19T02:24:06.168Z","level":"debug","message":"测试用例","meta":{"index":5,"total":6}}
{"timestamp":"2026-04-19T02:24:06.170Z","level":"debug","message":"执行命令","meta":{"command":"solution_1776565445644_77v3ej.exe","args":[]}}
{"timestamp":"2026-04-19T02:24:06.183Z","level":"debug","message":"通过","meta":{"time":12,"memory":1024}}
{"timestamp":"2026-04-19T02:24:06.183Z","level":"debug","message":"测试用例","meta":{"index":6,"total":6}}
{"timestamp":"2026-04-19T02:24:06.184Z","level":"debug","message":"执行命令","meta":{"command":"solution_1776565445644_77v3ej.exe","args":[]}}
{"timestamp":"2026-04-19T02:24:06.194Z","level":"debug","message":"通过","meta":{"time":9,"memory":1024}}
{"timestamp":"2026-04-19T02:42:06.841Z","level":"debug","message":"分析代码安全性"}
{"timestamp":"2026-04-19T02:42:06.844Z","level":"debug","message":"编译代码"}
{"timestamp":"2026-04-19T02:42:06.848Z","level":"debug","message":"编译命令","meta":{"command":"g++ -O2 -std=c++17 -o \"E:\\桌面\\oj\\temp\\judge\\solution_1776566526845_rmmmsf.exe\" \"E:\\桌面\\oj\\temp\\judge\\solution_1776566526845_rmmmsf.cpp\""}}
{"timestamp":"2026-04-19T02:42:07.295Z","level":"debug","message":"编译成功"}
{"timestamp":"2026-04-19T02:42:07.296Z","level":"debug","message":"测试用例","meta":{"index":1,"total":6}}
{"timestamp":"2026-04-19T02:42:07.300Z","level":"debug","message":"执行命令","meta":{"command":"solution_1776566526845_rmmmsf.exe","args":[]}}
{"timestamp":"2026-04-19T02:42:07.324Z","level":"debug","message":"通过","meta":{"time":22,"memory":1024}}
{"timestamp":"2026-04-19T02:42:07.324Z","level":"debug","message":"测试用例","meta":{"index":2,"total":6}}
{"timestamp":"2026-04-19T02:42:07.327Z","level":"debug","message":"执行命令","meta":{"command":"solution_1776566526845_rmmmsf.exe","args":[]}}
{"timestamp":"2026-04-19T02:42:07.342Z","level":"debug","message":"通过","meta":{"time":13,"memory":1024}}
{"timestamp":"2026-04-19T02:42:07.343Z","level":"debug","message":"测试用例","meta":{"index":3,"total":6}}
{"timestamp":"2026-04-19T02:42:07.346Z","level":"debug","message":"执行命令","meta":{"command":"solution_1776566526845_rmmmsf.exe","args":[]}}
{"timestamp":"2026-04-19T02:42:07.360Z","level":"debug","message":"通过","meta":{"time":13,"memory":1024}}
{"timestamp":"2026-04-19T02:42:07.361Z","level":"debug","message":"测试用例","meta":{"index":4,"total":6}}
{"timestamp":"2026-04-19T02:42:07.364Z","level":"debug","message":"执行命令","meta":{"command":"solution_1776566526845_rmmmsf.exe","args":[]}}
{"timestamp":"2026-04-19T02:42:07.379Z","level":"debug","message":"通过","meta":{"time":13,"memory":1024}}
{"timestamp":"2026-04-19T02:42:07.379Z","level":"debug","message":"测试用例","meta":{"index":5,"total":6}}
{"timestamp":"2026-04-19T02:42:07.382Z","level":"debug","message":"执行命令","meta":{"command":"solution_1776566526845_rmmmsf.exe","args":[]}}
{"timestamp":"2026-04-19T02:42:07.396Z","level":"debug","message":"通过","meta":{"time":12,"memory":1024}}
{"timestamp":"2026-04-19T02:42:07.396Z","level":"debug","message":"测试用例","meta":{"index":6,"total":6}}
{"timestamp":"2026-04-19T02:42:07.399Z","level":"debug","message":"执行命令","meta":{"command":"solution_1776566526845_rmmmsf.exe","args":[]}}
{"timestamp":"2026-04-19T02:42:07.412Z","level":"debug","message":"通过","meta":{"time":12,"memory":1024}}
{"timestamp":"2026-04-19T02:43:04.719Z","level":"debug","message":"分析代码安全性"}
{"timestamp":"2026-04-19T02:43:04.722Z","level":"debug","message":"编译代码"}
{"timestamp":"2026-04-19T02:43:04.725Z","level":"debug","message":"编译命令","meta":{"command":"g++ -O2 -std=c++17 -o \"E:\\桌面\\oj\\temp\\judge\\solution_1776566584722_ouzty.exe\" \"E:\\桌面\\oj\\temp\\judge\\solution_1776566584722_ouzty.cpp\""}}
{"timestamp":"2026-04-19T02:43:05.169Z","level":"debug","message":"编译成功"}
{"timestamp":"2026-04-19T02:43:05.169Z","level":"debug","message":"测试用例","meta":{"index":1,"total":6}}
{"timestamp":"2026-04-19T02:43:05.172Z","level":"debug","message":"执行命令","meta":{"command":"solution_1776566584722_ouzty.exe","args":[]}}
{"timestamp":"2026-04-19T02:43:05.197Z","level":"debug","message":"通过","meta":{"time":22,"memory":1024}}
{"timestamp":"2026-04-19T02:43:05.198Z","level":"debug","message":"测试用例","meta":{"index":2,"total":6}}
{"timestamp":"2026-04-19T02:43:05.201Z","level":"debug","message":"执行命令","meta":{"command":"solution_1776566584722_ouzty.exe","args":[]}}
{"timestamp":"2026-04-19T02:43:05.215Z","level":"debug","message":"通过","meta":{"time":13,"memory":1024}}
{"timestamp":"2026-04-19T02:43:05.216Z","level":"debug","message":"测试用例","meta":{"index":3,"total":6}}
{"timestamp":"2026-04-19T02:43:05.218Z","level":"debug","message":"执行命令","meta":{"command":"solution_1776566584722_ouzty.exe","args":[]}}
{"timestamp":"2026-04-19T02:43:05.236Z","level":"debug","message":"通过","meta":{"time":16,"memory":1024}}
{"timestamp":"2026-04-19T02:43:05.237Z","level":"debug","message":"测试用例","meta":{"index":4,"total":6}}
{"timestamp":"2026-04-19T02:43:05.239Z","level":"debug","message":"执行命令","meta":{"command":"solution_1776566584722_ouzty.exe","args":[]}}
{"timestamp":"2026-04-19T02:43:05.255Z","level":"debug","message":"通过","meta":{"time":14,"memory":1024}}
{"timestamp":"2026-04-19T02:43:05.256Z","level":"debug","message":"测试用例","meta":{"index":5,"total":6}}
{"timestamp":"2026-04-19T02:43:05.258Z","level":"debug","message":"执行命令","meta":{"command":"solution_1776566584722_ouzty.exe","args":[]}}
{"timestamp":"2026-04-19T02:43:05.272Z","level":"debug","message":"通过","meta":{"time":12,"memory":1024}}
{"timestamp":"2026-04-19T02:43:05.273Z","level":"debug","message":"测试用例","meta":{"index":6,"total":6}}
{"timestamp":"2026-04-19T02:43:05.275Z","level":"debug","message":"执行命令","meta":{"command":"solution_1776566584722_ouzty.exe","args":[]}}
{"timestamp":"2026-04-19T02:43:05.288Z","level":"debug","message":"通过","meta":{"time":12,"memory":1024}}
{"timestamp":"2026-05-07T07:30:15.251Z","level":"debug","message":"分析代码安全性"}
{"timestamp":"2026-05-07T07:30:15.259Z","level":"debug","message":"编译代码"}
{"timestamp":"2026-05-07T07:30:15.264Z","level":"debug","message":"编译命令","meta":{"command":"g++ -O2 -std=c++17 -o \"E:\\桌面\\oj\\temp\\judge\\solution_1778139015260_u8g6wc.exe\" \"E:\\桌面\\oj\\temp\\judge\\solution_1778139015260_u8g6wc.cpp\""}}
{"timestamp":"2026-05-07T07:30:23.403Z","level":"debug","message":"编译成功"}
{"timestamp":"2026-05-07T07:30:23.404Z","level":"debug","message":"测试用例","meta":{"index":1,"total":6}}
{"timestamp":"2026-05-07T07:30:23.407Z","level":"debug","message":"执行命令","meta":{"command":"solution_1778139015260_u8g6wc.exe","args":[]}}
{"timestamp":"2026-05-07T07:30:24.793Z","level":"debug","message":"通过","meta":{"time":1384,"memory":3540}}
{"timestamp":"2026-05-07T07:30:24.794Z","level":"debug","message":"测试用例","meta":{"index":2,"total":6}}
{"timestamp":"2026-05-07T07:30:24.797Z","level":"debug","message":"执行命令","meta":{"command":"solution_1778139015260_u8g6wc.exe","args":[]}}
{"timestamp":"2026-05-07T07:30:24.818Z","level":"debug","message":"通过","meta":{"time":18,"memory":1024}}
{"timestamp":"2026-05-07T07:30:24.819Z","level":"debug","message":"测试用例","meta":{"index":3,"total":6}}
{"timestamp":"2026-05-07T07:30:24.821Z","level":"debug","message":"执行命令","meta":{"command":"solution_1778139015260_u8g6wc.exe","args":[]}}
{"timestamp":"2026-05-07T07:30:24.843Z","level":"debug","message":"通过","meta":{"time":19,"memory":1024}}
{"timestamp":"2026-05-07T07:30:24.843Z","level":"debug","message":"测试用例","meta":{"index":4,"total":6}}
{"timestamp":"2026-05-07T07:30:24.846Z","level":"debug","message":"执行命令","meta":{"command":"solution_1778139015260_u8g6wc.exe","args":[]}}
{"timestamp":"2026-05-07T07:30:24.865Z","level":"debug","message":"通过","meta":{"time":17,"memory":1024}}
{"timestamp":"2026-05-07T07:30:24.866Z","level":"debug","message":"测试用例","meta":{"index":5,"total":6}}
{"timestamp":"2026-05-07T07:30:24.869Z","level":"debug","message":"执行命令","meta":{"command":"solution_1778139015260_u8g6wc.exe","args":[]}}
{"timestamp":"2026-05-07T07:30:24.887Z","level":"debug","message":"通过","meta":{"time":17,"memory":1024}}
{"timestamp":"2026-05-07T07:30:24.888Z","level":"debug","message":"测试用例","meta":{"index":6,"total":6}}
{"timestamp":"2026-05-07T07:30:24.891Z","level":"debug","message":"执行命令","meta":{"command":"solution_1778139015260_u8g6wc.exe","args":[]}}
{"timestamp":"2026-05-07T07:30:24.909Z","level":"debug","message":"通过","meta":{"time":16,"memory":1024}}
{"timestamp":"2026-05-07T07:31:55.457Z","level":"debug","message":"分析代码安全性"}
{"timestamp":"2026-05-07T07:31:55.460Z","level":"debug","message":"编译代码"}
{"timestamp":"2026-05-07T07:31:55.463Z","level":"debug","message":"编译命令","meta":{"command":"g++ -O2 -std=c++17 -o \"E:\\桌面\\oj\\temp\\judge\\solution_1778139115460_o58m6.exe\" \"E:\\桌面\\oj\\temp\\judge\\solution_1778139115460_o58m6.cpp\""}}
{"timestamp":"2026-05-07T07:31:55.934Z","level":"debug","message":"编译成功"}
{"timestamp":"2026-05-07T07:31:55.935Z","level":"debug","message":"测试用例","meta":{"index":1,"total":6}}
{"timestamp":"2026-05-07T07:31:55.937Z","level":"debug","message":"执行命令","meta":{"command":"solution_1778139115460_o58m6.exe","args":[]}}
{"timestamp":"2026-05-07T07:31:55.958Z","level":"debug","message":"通过","meta":{"time":19,"memory":1024}}
{"timestamp":"2026-05-07T07:31:55.959Z","level":"debug","message":"测试用例","meta":{"index":2,"total":6}}
{"timestamp":"2026-05-07T07:31:55.962Z","level":"debug","message":"执行命令","meta":{"command":"solution_1778139115460_o58m6.exe","args":[]}}
{"timestamp":"2026-05-07T07:31:55.990Z","level":"debug","message":"通过","meta":{"time":26,"memory":1024}}
{"timestamp":"2026-05-07T07:31:55.990Z","level":"debug","message":"测试用例","meta":{"index":3,"total":6}}
{"timestamp":"2026-05-07T07:31:55.993Z","level":"debug","message":"执行命令","meta":{"command":"solution_1778139115460_o58m6.exe","args":[]}}
{"timestamp":"2026-05-07T07:31:56.007Z","level":"debug","message":"通过","meta":{"time":12,"memory":1024}}
{"timestamp":"2026-05-07T07:31:56.008Z","level":"debug","message":"测试用例","meta":{"index":4,"total":6}}
{"timestamp":"2026-05-07T07:31:56.011Z","level":"debug","message":"执行命令","meta":{"command":"solution_1778139115460_o58m6.exe","args":[]}}
{"timestamp":"2026-05-07T07:31:56.025Z","level":"debug","message":"通过","meta":{"time":14,"memory":1024}}
{"timestamp":"2026-05-07T07:31:56.026Z","level":"debug","message":"测试用例","meta":{"index":5,"total":6}}
{"timestamp":"2026-05-07T07:31:56.028Z","level":"debug","message":"执行命令","meta":{"command":"solution_1778139115460_o58m6.exe","args":[]}}
{"timestamp":"2026-05-07T07:31:56.043Z","level":"debug","message":"通过","meta":{"time":13,"memory":1024}}
{"timestamp":"2026-05-07T07:31:56.044Z","level":"debug","message":"测试用例","meta":{"index":6,"total":6}}
{"timestamp":"2026-05-07T07:31:56.047Z","level":"debug","message":"执行命令","meta":{"command":"solution_1778139115460_o58m6.exe","args":[]}}
{"timestamp":"2026-05-07T07:31:56.061Z","level":"debug","message":"通过","meta":{"time":14,"memory":1024}}
{"timestamp":"2026-05-07T07:41:26.598Z","level":"debug","message":"分析代码安全性"}
{"timestamp":"2026-05-07T07:41:26.601Z","level":"debug","message":"编译代码"}
{"timestamp":"2026-05-07T07:41:26.604Z","level":"debug","message":"编译命令","meta":{"command":"g++ -O2 -std=c++17 -o \"E:\\桌面\\oj\\temp\\judge\\solution_1778139686601_hl7wok.exe\" \"E:\\桌面\\oj\\temp\\judge\\solution_1778139686601_hl7wok.cpp\""}}
{"timestamp":"2026-05-07T07:41:30.232Z","level":"debug","message":"编译成功"}
{"timestamp":"2026-05-07T07:41:30.232Z","level":"debug","message":"测试用例","meta":{"index":1,"total":5}}
{"timestamp":"2026-05-07T07:41:30.234Z","level":"debug","message":"执行命令","meta":{"command":"solution_1778139686601_hl7wok.exe","args":[]}}
{"timestamp":"2026-05-07T07:41:30.257Z","level":"debug","message":"测试失败","meta":{"status":"WA","message":"答案错误"}}
{"timestamp":"2026-05-07T07:41:30.257Z","level":"debug","message":"测试用例","meta":{"index":2,"total":5}}
{"timestamp":"2026-05-07T07:41:30.260Z","level":"debug","message":"执行命令","meta":{"command":"solution_1778139686601_hl7wok.exe","args":[]}}
{"timestamp":"2026-05-07T07:41:30.273Z","level":"debug","message":"测试失败","meta":{"status":"WA","message":"答案错误"}}
{"timestamp":"2026-05-07T07:41:30.274Z","level":"debug","message":"测试用例","meta":{"index":3,"total":5}}
{"timestamp":"2026-05-07T07:41:30.277Z","level":"debug","message":"执行命令","meta":{"command":"solution_1778139686601_hl7wok.exe","args":[]}}
{"timestamp":"2026-05-07T07:41:32.286Z","level":"debug","message":"执行超时，强制终止进程"}
{"timestamp":"2026-05-07T07:41:32.563Z","level":"debug","message":"测试失败","meta":{"status":"TLE","message":"超出时间限制"}}
{"timestamp":"2026-05-07T07:41:32.563Z","level":"debug","message":"测试用例","meta":{"index":4,"total":5}}
{"timestamp":"2026-05-07T07:41:32.566Z","level":"debug","message":"执行命令","meta":{"command":"solution_1778139686601_hl7wok.exe","args":[]}}
{"timestamp":"2026-05-07T07:41:34.583Z","level":"debug","message":"执行超时，强制终止进程"}
{"timestamp":"2026-05-07T07:41:34.940Z","level":"debug","message":"测试失败","meta":{"status":"TLE","message":"超出时间限制"}}
{"timestamp":"2026-05-07T07:41:34.941Z","level":"debug","message":"测试用例","meta":{"index":5,"total":5}}
{"timestamp":"2026-05-07T07:41:34.944Z","level":"debug","message":"执行命令","meta":{"command":"solution_1778139686601_hl7wok.exe","args":[]}}
{"timestamp":"2026-05-07T07:41:35.519Z","level":"debug","message":"测试失败","meta":{"status":"RE","message":"Runtime Error: Runtime Error"}}
{"timestamp":"2026-05-07T10:31:24.995Z","level":"debug","message":"分析代码安全性"}
{"timestamp":"2026-05-07T10:31:25.000Z","level":"debug","message":"编译代码"}
{"timestamp":"2026-05-07T10:31:25.004Z","level":"debug","message":"编译命令","meta":{"command":"g++ -O2 -std=c++17 -o \"E:\\桌面\\oj\\temp\\judge\\solution_1778149885000_xefmk8.exe\" \"E:\\桌面\\oj\\temp\\judge\\solution_1778149885000_xefmk8.cpp\""}}
{"timestamp":"2026-05-07T10:31:25.507Z","level":"debug","message":"编译成功"}
{"timestamp":"2026-05-07T10:31:25.508Z","level":"debug","message":"测试用例","meta":{"index":1,"total":6}}
{"timestamp":"2026-05-07T10:31:25.509Z","level":"debug","message":"执行命令","meta":{"command":"solution_1778149885000_xefmk8.exe","args":[]}}
{"timestamp":"2026-05-07T10:31:25.532Z","level":"debug","message":"通过","meta":{"time":21,"memory":1024}}
{"timestamp":"2026-05-07T10:31:25.532Z","level":"debug","message":"测试用例","meta":{"index":2,"total":6}}
{"timestamp":"2026-05-07T10:31:25.534Z","level":"debug","message":"执行命令","meta":{"command":"solution_1778149885000_xefmk8.exe","args":[]}}
{"timestamp":"2026-05-07T10:31:25.549Z","level":"debug","message":"通过","meta":{"time":12,"memory":1024}}
{"timestamp":"2026-05-07T10:31:25.549Z","level":"debug","message":"测试用例","meta":{"index":3,"total":6}}
{"timestamp":"2026-05-07T10:31:25.552Z","level":"debug","message":"执行命令","meta":{"command":"solution_1778149885000_xefmk8.exe","args":[]}}
{"timestamp":"2026-05-07T10:31:25.566Z","level":"debug","message":"通过","meta":{"time":13,"memory":1024}}
{"timestamp":"2026-05-07T10:31:25.567Z","level":"debug","message":"测试用例","meta":{"index":4,"total":6}}
{"timestamp":"2026-05-07T10:31:25.569Z","level":"debug","message":"执行命令","meta":{"command":"solution_1778149885000_xefmk8.exe","args":[]}}
{"timestamp":"2026-05-07T10:31:25.583Z","level":"debug","message":"通过","meta":{"time":13,"memory":1024}}
{"timestamp":"2026-05-07T10:31:25.584Z","level":"debug","message":"测试用例","meta":{"index":5,"total":6}}
{"timestamp":"2026-05-07T10:31:25.587Z","level":"debug","message":"执行命令","meta":{"command":"solution_1778149885000_xefmk8.exe","args":[]}}
{"timestamp":"2026-05-07T10:31:25.601Z","level":"debug","message":"通过","meta":{"time":13,"memory":1024}}
{"timestamp":"2026-05-07T10:31:25.602Z","level":"debug","message":"测试用例","meta":{"index":6,"total":6}}
{"timestamp":"2026-05-07T10:31:25.604Z","level":"debug","message":"执行命令","meta":{"command":"solution_1778149885000_xefmk8.exe","args":[]}}
{"timestamp":"2026-05-07T10:31:25.617Z","level":"debug","message":"通过","meta":{"time":12,"memory":1024}}
{"timestamp":"2026-05-07T10:41:10.243Z","level":"debug","message":"分析代码安全性"}
{"timestamp":"2026-05-07T10:41:10.245Z","level":"debug","message":"编译代码"}
{"timestamp":"2026-05-07T10:41:10.248Z","level":"debug","message":"编译命令","meta":{"command":"g++ -O2 -std=c++17 -o \"E:\\桌面\\oj\\temp\\judge\\solution_1778150470246_cae3w.exe\" \"E:\\桌面\\oj\\temp\\judge\\solution_1778150470246_cae3w.cpp\""}}
{"timestamp":"2026-05-07T10:41:10.718Z","level":"debug","message":"编译成功"}
{"timestamp":"2026-05-07T10:41:10.719Z","level":"debug","message":"测试用例","meta":{"index":1,"total":6}}
{"timestamp":"2026-05-07T10:41:10.721Z","level":"debug","message":"执行命令","meta":{"command":"solution_1778150470246_cae3w.exe","args":[]}}
{"timestamp":"2026-05-07T10:41:10.742Z","level":"debug","message":"通过","meta":{"time":20,"memory":1024}}
{"timestamp":"2026-05-07T10:41:10.742Z","level":"debug","message":"测试用例","meta":{"index":2,"total":6}}
{"timestamp":"2026-05-07T10:41:10.744Z","level":"debug","message":"执行命令","meta":{"command":"solution_1778150470246_cae3w.exe","args":[]}}
{"timestamp":"2026-05-07T10:41:10.756Z","level":"debug","message":"通过","meta":{"time":11,"memory":1024}}
{"timestamp":"2026-05-07T10:41:10.757Z","level":"debug","message":"测试用例","meta":{"index":3,"total":6}}
{"timestamp":"2026-05-07T10:41:10.758Z","level":"debug","message":"执行命令","meta":{"command":"solution_1778150470246_cae3w.exe","args":[]}}
{"timestamp":"2026-05-07T10:41:10.771Z","level":"debug","message":"通过","meta":{"time":11,"memory":1024}}
{"timestamp":"2026-05-07T10:41:10.772Z","level":"debug","message":"测试用例","meta":{"index":4,"total":6}}
{"timestamp":"2026-05-07T10:41:10.774Z","level":"debug","message":"执行命令","meta":{"command":"solution_1778150470246_cae3w.exe","args":[]}}
{"timestamp":"2026-05-07T10:41:10.788Z","level":"debug","message":"通过","meta":{"time":12,"memory":1024}}
{"timestamp":"2026-05-07T10:41:10.789Z","level":"debug","message":"测试用例","meta":{"index":5,"total":6}}
{"timestamp":"2026-05-07T10:41:10.791Z","level":"debug","message":"执行命令","meta":{"command":"solution_1778150470246_cae3w.exe","args":[]}}
{"timestamp":"2026-05-07T10:41:10.803Z","level":"debug","message":"通过","meta":{"time":12,"memory":1024}}
{"timestamp":"2026-05-07T10:41:10.804Z","level":"debug","message":"测试用例","meta":{"index":6,"total":6}}
{"timestamp":"2026-05-07T10:41:10.807Z","level":"debug","message":"执行命令","meta":{"command":"solution_1778150470246_cae3w.exe","args":[]}}
{"timestamp":"2026-05-07T10:41:10.820Z","level":"debug","message":"通过","meta":{"time":11,"memory":1024}}
{"timestamp":"2026-05-07T12:07:08.403Z","level":"debug","message":"分析代码安全性"}
{"timestamp":"2026-05-07T12:07:08.407Z","level":"debug","message":"编译代码"}
{"timestamp":"2026-05-07T12:07:08.410Z","level":"debug","message":"编译命令","meta":{"command":"g++ -O2 -std=c++17 -o \"E:\\桌面\\oj\\temp\\judge\\solution_1778155628407_b9ocne.exe\" \"E:\\桌面\\oj\\temp\\judge\\solution_1778155628407_b9ocne.cpp\""}}
{"timestamp":"2026-05-07T12:07:08.856Z","level":"debug","message":"编译成功"}
{"timestamp":"2026-05-07T12:07:08.857Z","level":"debug","message":"测试用例","meta":{"index":1,"total":6}}
{"timestamp":"2026-05-07T12:07:08.859Z","level":"debug","message":"执行命令","meta":{"command":"solution_1778155628407_b9ocne.exe","args":[]}}
{"timestamp":"2026-05-07T12:07:08.875Z","level":"debug","message":"通过","meta":{"time":16,"memory":1024}}
{"timestamp":"2026-05-07T12:07:08.876Z","level":"debug","message":"测试用例","meta":{"index":2,"total":6}}
{"timestamp":"2026-05-07T12:07:08.877Z","level":"debug","message":"执行命令","meta":{"command":"solution_1778155628407_b9ocne.exe","args":[]}}
{"timestamp":"2026-05-07T12:07:08.887Z","level":"debug","message":"通过","meta":{"time":10,"memory":1024}}
{"timestamp":"2026-05-07T12:07:08.888Z","level":"debug","message":"测试用例","meta":{"index":3,"total":6}}
{"timestamp":"2026-05-07T12:07:08.890Z","level":"debug","message":"执行命令","meta":{"command":"solution_1778155628407_b9ocne.exe","args":[]}}
{"timestamp":"2026-05-07T12:07:08.901Z","level":"debug","message":"通过","meta":{"time":10,"memory":1024}}
{"timestamp":"2026-05-07T12:07:08.902Z","level":"debug","message":"测试用例","meta":{"index":4,"total":6}}
{"timestamp":"2026-05-07T12:07:08.903Z","level":"debug","message":"执行命令","meta":{"command":"solution_1778155628407_b9ocne.exe","args":[]}}
{"timestamp":"2026-05-07T12:07:08.914Z","level":"debug","message":"通过","meta":{"time":10,"memory":1024}}
{"timestamp":"2026-05-07T12:07:08.915Z","level":"debug","message":"测试用例","meta":{"index":5,"total":6}}
{"timestamp":"2026-05-07T12:07:08.917Z","level":"debug","message":"执行命令","meta":{"command":"solution_1778155628407_b9ocne.exe","args":[]}}
{"timestamp":"2026-05-07T12:07:08.928Z","level":"debug","message":"通过","meta":{"time":10,"memory":1024}}
{"timestamp":"2026-05-07T12:07:08.929Z","level":"debug","message":"测试用例","meta":{"index":6,"total":6}}
{"timestamp":"2026-05-07T12:07:08.931Z","level":"debug","message":"执行命令","meta":{"command":"solution_1778155628407_b9ocne.exe","args":[]}}
{"timestamp":"2026-05-07T12:07:08.942Z","level":"debug","message":"通过","meta":{"time":10,"memory":1024}}
{"timestamp":"2026-05-07T12:13:19.661Z","level":"debug","message":"分析代码安全性"}
{"timestamp":"2026-05-07T12:13:19.665Z","level":"debug","message":"编译代码"}
{"timestamp":"2026-05-07T12:13:19.668Z","level":"debug","message":"编译命令","meta":{"command":"g++ -O2 -std=c++17 -o \"E:\\桌面\\oj\\temp\\judge\\solution_1778155999666_t3ncrh.exe\" \"E:\\桌面\\oj\\temp\\judge\\solution_1778155999666_t3ncrh.cpp\""}}
{"timestamp":"2026-05-07T12:15:08.972Z","level":"debug","message":"分析代码安全性"}
{"timestamp":"2026-05-07T12:15:08.976Z","level":"debug","message":"编译代码"}
{"timestamp":"2026-05-07T12:15:08.978Z","level":"debug","message":"编译命令","meta":{"command":"g++ -O2 -std=c++17 -o \"E:\\桌面\\oj\\temp\\judge\\solution_1778156108976_0c7c07.exe\" \"E:\\桌面\\oj\\temp\\judge\\solution_1778156108976_0c7c07.cpp\""}}
{"timestamp":"2026-05-07T12:15:20.613Z","level":"debug","message":"分析代码安全性"}
{"timestamp":"2026-05-07T12:15:20.617Z","level":"debug","message":"编译代码"}
{"timestamp":"2026-05-07T12:15:20.621Z","level":"debug","message":"编译命令","meta":{"command":"g++ -O2 -std=c++17 -o \"E:\\桌面\\oj\\temp\\judge\\solution_1778156120617_5b3kg7.exe\" \"E:\\桌面\\oj\\temp\\judge\\solution_1778156120617_5b3kg7.cpp\""}}
{"timestamp":"2026-05-07T12:16:07.625Z","level":"debug","message":"分析代码安全性"}
{"timestamp":"2026-05-07T12:16:07.629Z","level":"debug","message":"编译代码"}
{"timestamp":"2026-05-07T12:16:07.633Z","level":"debug","message":"编译命令","meta":{"command":"g++ -O2 -std=c++17 -o \"E:\\桌面\\oj\\temp\\judge\\solution_1778156167630_zfjv1a.exe\" \"E:\\桌面\\oj\\temp\\judge\\solution_1778156167630_zfjv1a.cpp\""}}
{"timestamp":"2026-05-07T12:16:14.290Z","level":"debug","message":"分析代码安全性"}
{"timestamp":"2026-05-07T12:16:14.293Z","level":"debug","message":"编译代码"}
{"timestamp":"2026-05-07T12:16:14.297Z","level":"debug","message":"编译命令","meta":{"command":"g++ -O2 -std=c++17 -o \"E:\\桌面\\oj\\temp\\judge\\solution_1778156174294_kkvcwm.exe\" \"E:\\桌面\\oj\\temp\\judge\\solution_1778156174294_kkvcwm.cpp\""}}
{"timestamp":"2026-05-07T12:16:51.918Z","level":"debug","message":"分析代码安全性"}
{"timestamp":"2026-05-07T12:16:51.923Z","level":"debug","message":"编译代码"}
{"timestamp":"2026-05-07T12:16:51.927Z","level":"debug","message":"编译命令","meta":{"command":"g++ -O2 -std=c++17 -o \"E:\\桌面\\oj\\temp\\judge\\solution_1778156211923_sqkaka.exe\" \"E:\\桌面\\oj\\temp\\judge\\solution_1778156211923_sqkaka.cpp\""}}
{"timestamp":"2026-05-07T12:16:52.378Z","level":"debug","message":"编译成功"}
{"timestamp":"2026-05-07T12:16:52.379Z","level":"debug","message":"测试用例","meta":{"index":1,"total":5}}
{"timestamp":"2026-05-07T12:16:52.382Z","level":"debug","message":"执行命令","meta":{"command":"solution_1778156211923_sqkaka.exe","args":[]}}
{"timestamp":"2026-05-07T12:16:52.404Z","level":"debug","message":"测试失败","meta":{"status":"WA","message":"答案错误"}}
{"timestamp":"2026-05-07T12:16:52.404Z","level":"debug","message":"测试用例","meta":{"index":2,"total":5}}
{"timestamp":"2026-05-07T12:16:52.407Z","level":"debug","message":"执行命令","meta":{"command":"solution_1778156211923_sqkaka.exe","args":[]}}
{"timestamp":"2026-05-07T12:16:52.423Z","level":"debug","message":"测试失败","meta":{"status":"WA","message":"答案错误"}}
{"timestamp":"2026-05-07T12:16:52.424Z","level":"debug","message":"测试用例","meta":{"index":3,"total":5}}
{"timestamp":"2026-05-07T12:16:52.426Z","level":"debug","message":"执行命令","meta":{"command":"solution_1778156211923_sqkaka.exe","args":[]}}
{"timestamp":"2026-05-07T12:16:53.284Z","level":"debug","message":"内存超过限制","meta":{"current":2356,"limit":256}}
{"timestamp":"2026-05-07T12:16:53.320Z","level":"debug","message":"内存超过限制","meta":{"current":2442,"limit":256}}
{"timestamp":"2026-05-07T12:16:53.388Z","level":"debug","message":"内存超过限制","meta":{"current":2630,"limit":256}}
{"timestamp":"2026-05-07T12:16:53.450Z","level":"debug","message":"内存超过限制","meta":{"current":2646,"limit":256}}
{"timestamp":"2026-05-07T12:16:53.526Z","level":"debug","message":"内存超过限制","meta":{"current":1678,"limit":256}}
{"timestamp":"2026-05-07T12:16:53.547Z","level":"debug","message":"测试失败","meta":{"status":"MLE","message":"超出内存限制"}}
{"timestamp":"2026-05-07T12:16:53.548Z","level":"debug","message":"测试用例","meta":{"index":4,"total":5}}
{"timestamp":"2026-05-07T12:16:53.551Z","level":"debug","message":"执行命令","meta":{"command":"solution_1778156211923_sqkaka.exe","args":[]}}
{"timestamp":"2026-05-07T12:16:53.600Z","level":"debug","message":"内存超过限制","meta":{"current":952,"limit":256}}
{"timestamp":"2026-05-07T12:16:53.677Z","level":"debug","message":"内存超过限制","meta":{"current":258,"limit":256}}
{"timestamp":"2026-05-07T12:16:54.466Z","level":"debug","message":"内存超过限制","meta":{"current":2540,"limit":256}}
{"timestamp":"2026-05-07T12:16:54.526Z","level":"debug","message":"内存超过限制","meta":{"current":2712,"limit":256}}
{"timestamp":"2026-05-07T12:16:54.578Z","level":"debug","message":"内存超过限制","meta":{"current":2829,"limit":256}}
{"timestamp":"2026-05-07T12:16:54.615Z","level":"debug","message":"内存超过限制","meta":{"current":2937,"limit":256}}
{"timestamp":"2026-05-07T12:16:54.680Z","level":"debug","message":"内存超过限制","meta":{"current":2028,"limit":256}}
{"timestamp":"2026-05-07T12:16:54.758Z","level":"debug","message":"内存超过限制","meta":{"current":1308,"limit":256}}
{"timestamp":"2026-05-07T12:16:54.780Z","level":"debug","message":"测试失败","meta":{"status":"MLE","message":"超出内存限制"}}
{"timestamp":"2026-05-07T12:16:54.780Z","level":"debug","message":"测试用例","meta":{"index":5,"total":5}}
{"timestamp":"2026-05-07T12:16:54.783Z","level":"debug","message":"执行命令","meta":{"command":"solution_1778156211923_sqkaka.exe","args":[]}}
{"timestamp":"2026-05-07T12:16:54.797Z","level":"debug","message":"内存超过限制","meta":{"current":1012,"limit":256}}
{"timestamp":"2026-05-07T12:16:54.868Z","level":"debug","message":"内存超过限制","meta":{"current":408,"limit":256}}
{"timestamp":"2026-05-07T12:16:55.631Z","level":"debug","message":"内存超过限制","meta":{"current":946,"limit":256}}
{"timestamp":"2026-05-07T12:16:55.647Z","level":"debug","message":"测试失败","meta":{"status":"MLE","message":"超出内存限制"}}
{"timestamp":"2026-05-07T12:16:55.699Z","level":"debug","message":"内存超过限制","meta":{"current":946,"limit":256}}
{"timestamp":"2026-05-07T12:16:55.721Z","level":"debug","message":"内存超过限制","meta":{"current":946,"limit":256}}
{"timestamp":"2026-05-07T12:17:09.733Z","level":"debug","message":"分析代码安全性"}
{"timestamp":"2026-05-07T12:17:09.737Z","level":"debug","message":"编译代码"}
{"timestamp":"2026-05-07T12:17:09.741Z","level":"debug","message":"编译命令","meta":{"command":"g++ -O2 -std=c++17 -o \"E:\\桌面\\oj\\temp\\judge\\solution_1778156229738_qajcjb.exe\" \"E:\\桌面\\oj\\temp\\judge\\solution_1778156229738_qajcjb.cpp\""}}
{"timestamp":"2026-05-07T12:17:10.187Z","level":"debug","message":"编译成功"}
{"timestamp":"2026-05-07T12:17:10.187Z","level":"debug","message":"测试用例","meta":{"index":1,"total":6}}
{"timestamp":"2026-05-07T12:17:10.190Z","level":"debug","message":"执行命令","meta":{"command":"solution_1778156229738_qajcjb.exe","args":[]}}
{"timestamp":"2026-05-07T12:17:10.213Z","level":"debug","message":"通过","meta":{"time":22,"memory":1024}}
{"timestamp":"2026-05-07T12:17:10.214Z","level":"debug","message":"测试用例","meta":{"index":2,"total":6}}
{"timestamp":"2026-05-07T12:17:10.216Z","level":"debug","message":"执行命令","meta":{"command":"solution_1778156229738_qajcjb.exe","args":[]}}
{"timestamp":"2026-05-07T12:17:10.231Z","level":"debug","message":"通过","meta":{"time":13,"memory":1024}}
{"timestamp":"2026-05-07T12:17:10.231Z","level":"debug","message":"测试用例","meta":{"index":3,"total":6}}
{"timestamp":"2026-05-07T12:17:10.234Z","level":"debug","message":"执行命令","meta":{"command":"solution_1778156229738_qajcjb.exe","args":[]}}
{"timestamp":"2026-05-07T12:17:10.248Z","level":"debug","message":"通过","meta":{"time":13,"memory":1024}}
{"timestamp":"2026-05-07T12:17:10.249Z","level":"debug","message":"测试用例","meta":{"index":4,"total":6}}
{"timestamp":"2026-05-07T12:17:10.251Z","level":"debug","message":"执行命令","meta":{"command":"solution_1778156229738_qajcjb.exe","args":[]}}
{"timestamp":"2026-05-07T12:17:10.272Z","level":"debug","message":"通过","meta":{"time":19,"memory":1024}}
{"timestamp":"2026-05-07T12:17:10.273Z","level":"debug","message":"测试用例","meta":{"index":5,"total":6}}
{"timestamp":"2026-05-07T12:17:10.276Z","level":"debug","message":"执行命令","meta":{"command":"solution_1778156229738_qajcjb.exe","args":[]}}
{"timestamp":"2026-05-07T12:17:10.291Z","level":"debug","message":"通过","meta":{"time":14,"memory":1024}}
{"timestamp":"2026-05-07T12:17:10.292Z","level":"debug","message":"测试用例","meta":{"index":6,"total":6}}
{"timestamp":"2026-05-07T12:17:10.295Z","level":"debug","message":"执行命令","meta":{"command":"solution_1778156229738_qajcjb.exe","args":[]}}
{"timestamp":"2026-05-07T12:17:10.311Z","level":"debug","message":"通过","meta":{"time":14,"memory":1024}}
{"timestamp":"2026-05-07T12:18:39.275Z","level":"debug","message":"分析代码安全性"}
{"timestamp":"2026-05-07T12:18:39.279Z","level":"debug","message":"编译代码"}
{"timestamp":"2026-05-07T12:18:39.284Z","level":"debug","message":"编译命令","meta":{"command":"g++ -O2 -std=c++17 -o \"E:\\桌面\\oj\\temp\\judge\\solution_1778156319280_k3gyc.exe\" \"E:\\桌面\\oj\\temp\\judge\\solution_1778156319280_k3gyc.cpp\""}}
{"timestamp":"2026-05-07T12:18:39.698Z","level":"debug","message":"编译成功"}
{"timestamp":"2026-05-07T12:18:39.699Z","level":"debug","message":"测试用例","meta":{"index":1,"total":5}}
{"timestamp":"2026-05-07T12:18:39.701Z","level":"debug","message":"执行命令","meta":{"command":"solution_1778156319280_k3gyc.exe","args":[]}}
{"timestamp":"2026-05-07T12:18:39.722Z","level":"debug","message":"测试失败","meta":{"status":"WA","message":"答案错误"}}
{"timestamp":"2026-05-07T12:18:39.723Z","level":"debug","message":"测试用例","meta":{"index":2,"total":5}}
{"timestamp":"2026-05-07T12:18:39.725Z","level":"debug","message":"执行命令","meta":{"command":"solution_1778156319280_k3gyc.exe","args":[]}}
{"timestamp":"2026-05-07T12:18:39.738Z","level":"debug","message":"测试失败","meta":{"status":"WA","message":"答案错误"}}
{"timestamp":"2026-05-07T12:18:39.738Z","level":"debug","message":"测试用例","meta":{"index":3,"total":5}}
{"timestamp":"2026-05-07T12:18:39.740Z","level":"debug","message":"执行命令","meta":{"command":"solution_1778156319280_k3gyc.exe","args":[]}}
{"timestamp":"2026-05-07T12:18:40.640Z","level":"debug","message":"内存超过限制","meta":{"current":2880,"limit":256}}
{"timestamp":"2026-05-07T12:18:40.641Z","level":"debug","message":"内存超过限制","meta":{"current":2624,"limit":256}}
{"timestamp":"2026-05-07T12:18:40.648Z","level":"debug","message":"内存超过限制","meta":{"current":3086,"limit":256}}
{"timestamp":"2026-05-07T12:18:40.743Z","level":"debug","message":"内存超过限制","meta":{"current":3402,"limit":256}}
{"timestamp":"2026-05-07T12:18:40.828Z","level":"debug","message":"内存超过限制","meta":{"current":2439,"limit":256}}
{"timestamp":"2026-05-07T12:18:40.880Z","level":"debug","message":"测试失败","meta":{"status":"MLE","message":"超出内存限制"}}
{"timestamp":"2026-05-07T12:18:40.881Z","level":"debug","message":"测试用例","meta":{"index":4,"total":5}}
{"timestamp":"2026-05-07T12:18:40.884Z","level":"debug","message":"执行命令","meta":{"command":"solution_1778156319280_k3gyc.exe","args":[]}}
{"timestamp":"2026-05-07T12:18:40.927Z","level":"debug","message":"内存超过限制","meta":{"current":999,"limit":256}}
{"timestamp":"2026-05-07T12:18:41.680Z","level":"debug","message":"内存超过限制","meta":{"current":2705,"limit":256}}
{"timestamp":"2026-05-07T12:18:41.773Z","level":"debug","message":"内存超过限制","meta":{"current":2980,"limit":256}}
{"timestamp":"2026-05-07T12:18:41.843Z","level":"debug","message":"内存超过限制","meta":{"current":3162,"limit":256}}
{"timestamp":"2026-05-07T12:18:41.906Z","level":"debug","message":"测试失败","meta":{"status":"MLE","message":"超出内存限制"}}
{"timestamp":"2026-05-07T12:18:41.907Z","level":"debug","message":"测试用例","meta":{"index":5,"total":5}}
{"timestamp":"2026-05-07T12:18:41.910Z","level":"debug","message":"内存超过限制","meta":{"current":2349,"limit":256}}
{"timestamp":"2026-05-07T12:18:41.913Z","level":"debug","message":"执行命令","meta":{"command":"solution_1778156319280_k3gyc.exe","args":[]}}
{"timestamp":"2026-05-07T12:18:41.963Z","level":"debug","message":"内存超过限制","meta":{"current":815,"limit":256}}
{"timestamp":"2026-05-07T12:18:42.016Z","level":"debug","message":"内存超过限制","meta":{"current":291,"limit":256}}
{"timestamp":"2026-05-07T12:18:42.697Z","level":"debug","message":"内存超过限制","meta":{"current":946,"limit":256}}
{"timestamp":"2026-05-07T12:18:42.700Z","level":"debug","message":"测试失败","meta":{"status":"MLE","message":"超出内存限制"}}
{"timestamp":"2026-05-07T12:18:42.743Z","level":"debug","message":"内存超过限制","meta":{"current":946,"limit":256}}
{"timestamp":"2026-05-07T12:18:42.807Z","level":"debug","message":"内存超过限制","meta":{"current":658,"limit":256}}
{"timestamp":"2026-05-07T12:18:55.521Z","level":"debug","message":"分析代码安全性"}
{"timestamp":"2026-05-07T12:18:55.526Z","level":"debug","message":"编译代码"}
{"timestamp":"2026-05-07T12:18:55.533Z","level":"debug","message":"编译命令","meta":{"command":"g++ -O2 -std=c++17 -o \"E:\\桌面\\oj\\temp\\judge\\solution_1778156335527_nb3gxn.exe\" \"E:\\桌面\\oj\\temp\\judge\\solution_1778156335527_nb3gxn.cpp\""}}
{"timestamp":"2026-05-07T12:18:55.975Z","level":"debug","message":"编译成功"}
{"timestamp":"2026-05-07T12:18:55.976Z","level":"debug","message":"测试用例","meta":{"index":1,"total":5}}
{"timestamp":"2026-05-07T12:18:55.978Z","level":"debug","message":"执行命令","meta":{"command":"solution_1778156335527_nb3gxn.exe","args":[]}}
{"timestamp":"2026-05-07T12:18:55.999Z","level":"debug","message":"测试失败","meta":{"status":"WA","message":"答案错误"}}
{"timestamp":"2026-05-07T12:18:56.000Z","level":"debug","message":"测试用例","meta":{"index":2,"total":5}}
{"timestamp":"2026-05-07T12:18:56.003Z","level":"debug","message":"执行命令","meta":{"command":"solution_1778156335527_nb3gxn.exe","args":[]}}
{"timestamp":"2026-05-07T12:18:56.014Z","level":"debug","message":"测试失败","meta":{"status":"WA","message":"答案错误"}}
{"timestamp":"2026-05-07T12:18:56.014Z","level":"debug","message":"测试用例","meta":{"index":3,"total":5}}
{"timestamp":"2026-05-07T12:18:56.016Z","level":"debug","message":"执行命令","meta":{"command":"solution_1778156335527_nb3gxn.exe","args":[]}}
{"timestamp":"2026-05-07T12:18:56.755Z","level":"debug","message":"内存超过限制","meta":{"current":2912,"limit":256}}
{"timestamp":"2026-05-07T12:18:56.825Z","level":"debug","message":"内存超过限制","meta":{"current":3257,"limit":256}}
{"timestamp":"2026-05-07T12:18:56.886Z","level":"debug","message":"内存超过限制","meta":{"current":3472,"limit":256}}
{"timestamp":"2026-05-07T12:18:56.943Z","level":"debug","message":"测试失败","meta":{"status":"MLE","message":"超出内存限制"}}
{"timestamp":"2026-05-07T12:18:56.944Z","level":"debug","message":"测试用例","meta":{"index":4,"total":5}}
{"timestamp":"2026-05-07T12:18:56.947Z","level":"debug","message":"执行命令","meta":{"command":"solution_1778156335527_nb3gxn.exe","args":[]}}
{"timestamp":"2026-05-07T12:18:56.983Z","level":"debug","message":"内存超过限制","meta":{"current":1914,"limit":256}}
{"timestamp":"2026-05-07T12:18:57.780Z","level":"debug","message":"内存超过限制","meta":{"current":3180,"limit":256}}
{"timestamp":"2026-05-07T12:18:57.813Z","level":"debug","message":"内存超过限制","meta":{"current":3313,"limit":256}}
{"timestamp":"2026-05-07T12:18:57.854Z","level":"debug","message":"内存超过限制","meta":{"current":3475,"limit":256}}
{"timestamp":"2026-05-07T12:18:57.919Z","level":"debug","message":"内存超过限制","meta":{"current":3695,"limit":256}}
{"timestamp":"2026-05-07T12:18:57.978Z","level":"debug","message":"内存超过限制","meta":{"current":2639,"limit":256}}
{"timestamp":"2026-05-07T12:18:57.987Z","level":"debug","message":"测试失败","meta":{"status":"MLE","message":"超出内存限制"}}
{"timestamp":"2026-05-07T12:18:57.988Z","level":"debug","message":"测试用例","meta":{"index":5,"total":5}}
{"timestamp":"2026-05-07T12:18:57.993Z","level":"debug","message":"执行命令","meta":{"command":"solution_1778156335527_nb3gxn.exe","args":[]}}
{"timestamp":"2026-05-07T12:18:58.059Z","level":"debug","message":"内存超过限制","meta":{"current":1285,"limit":256}}
{"timestamp":"2026-05-07T12:18:58.785Z","level":"debug","message":"测试失败","meta":{"status":"WA","message":"答案错误"}}
{"timestamp":"2026-05-07T12:18:58.790Z","level":"debug","message":"内存超过限制","meta":{"current":946,"limit":256}}
{"timestamp":"2026-05-07T12:18:58.857Z","level":"debug","message":"内存超过限制","meta":{"current":946,"limit":256}}
{"timestamp":"2026-05-07T12:18:58.869Z","level":"debug","message":"内存超过限制","meta":{"current":946,"limit":256}}
