{"timestamp":"2026-07-12T08:31:26.716Z","level":"info","message":"队列状态","meta":{"waiting":0,"active":0,"completed":0}}
{"timestamp":"2026-07-12T08:31:56.730Z","level":"info","message":"队列状态","meta":{"waiting":0,"active":0,"completed":0}}
{"timestamp":"2026-07-12T08:32:26.746Z","level":"info","message":"队列状态","meta":{"waiting":0,"active":0,"completed":0}}
{"timestamp":"2026-07-12T08:32:56.750Z","level":"info","message":"队列状态","meta":{"waiting":0,"active":0,"completed":0}}
{"timestamp":"2026-07-12T08:33:26.763Z","level":"info","message":"队列状态","meta":{"waiting":0,"active":0,"completed":0}}
{"timestamp":"2026-07-12T08:33:56.770Z","level":"info","message":"队列状态","meta":{"waiting":0,"active":0,"completed":0}}
{"timestamp":"2026-07-12T08:34:26.785Z","level":"info","message":"队列状态","meta":{"waiting":0,"active":0,"completed":0}}
{"timestamp":"2026-07-12T08:34:56.786Z","level":"info","message":"队列状态","meta":{"waiting":0,"active":0,"completed":0}}
{"timestamp":"2026-07-12T08:35:26.792Z","level":"info","message":"队列状态","meta":{"waiting":0,"active":0,"completed":0}}
{"timestamp":"2026-07-12T08:35:56.801Z","level":"info","message":"队列状态","meta":{"waiting":0,"active":0,"completed":0}}
{"timestamp":"2026-07-12T08:36:26.804Z","level":"info","message":"队列状态","meta":{"waiting":0,"active":0,"completed":0}}
{"timestamp":"2026-07-12T08:36:56.804Z","level":"info","message":"队列状态","meta":{"waiting":0,"active":0,"completed":0}}
{"timestamp":"2026-07-12T08:37:26.816Z","level":"info","message":"队列状态","meta":{"waiting":0,"active":0,"completed":0}}
{"timestamp":"2026-07-12T08:37:56.832Z","level":"info","message":"队列状态","meta":{"waiting":0,"active":0,"completed":0}}
{"timestamp":"2026-07-12T08:38:26.832Z","level":"info","message":"队列状态","meta":{"waiting":0,"active":0,"completed":0}}
{"timestamp":"2026-07-12T08:38:56.834Z","level":"info","message":"队列状态","meta":{"waiting":0,"active":0,"completed":0}}
{"timestamp":"2026-07-12T08:39:26.840Z","level":"info","message":"队列状态","meta":{"waiting":0,"active":0,"completed":0}}
{"timestamp":"2026-07-12T08:39:56.849Z","level":"info","message":"队列状态","meta":{"waiting":0,"active":0,"completed":0}}
{"timestamp":"2026-07-12T08:40:26.864Z","level":"info","message":"队列状态","meta":{"waiting":0,"active":0,"completed":0}}
{"timestamp":"2026-07-12T08:40:56.874Z","level":"info","message":"队列状态","meta":{"waiting":0,"active":0,"completed":0}}
{"timestamp":"2026-07-12T08:41:26.877Z","level":"info","message":"队列状态","meta":{"waiting":0,"active":0,"completed":0}}
{"timestamp":"2026-07-12T08:41:56.882Z","level":"info","message":"队列状态","meta":{"waiting":0,"active":0,"completed":0}}
{"timestamp":"2026-07-12T08:42:26.898Z","level":"info","message":"队列状态","meta":{"waiting":0,"active":0,"completed":0}}
{"timestamp":"2026-07-12T08:42:56.907Z","level":"info","message":"队列状态","meta":{"waiting":0,"active":0,"completed":0}}
{"timestamp":"2026-07-12T08:43:26.919Z","level":"info","message":"队列状态","meta":{"waiting":0,"active":0,"completed":0}}
{"timestamp":"2026-07-12T08:43:56.931Z","level":"info","message":"队列状态","meta":{"waiting":0,"active":0,"completed":0}}
{"timestamp":"2026-07-12T08:44:26.938Z","level":"info","message":"队列状态","meta":{"waiting":0,"active":0,"completed":0}}
{"timestamp":"2026-07-12T08:44:56.940Z","level":"info","message":"队列状态","meta":{"waiting":0,"active":0,"completed":0}}
{"timestamp":"2026-07-12T08:45:26.941Z","level":"info","message":"队列状态","meta":{"waiting":0,"active":0,"completed":0}}
{"timestamp":"2026-07-12T08:45:56.947Z","level":"info","message":"队列状态","meta":{"waiting":0,"active":0,"completed":0}}
{"timestamp":"2026-07-12T08:46:26.958Z","level":"info","message":"队列状态","meta":{"waiting":0,"active":0,"completed":0}}
{"timestamp":"2026-07-12T08:46:56.963Z","level":"info","message":"队列状态","meta":{"waiting":0,"active":0,"completed":0}}
{"timestamp":"2026-07-12T08:47:26.966Z","level":"info","message":"队列状态","meta":{"waiting":0,"active":0,"completed":0}}
{"timestamp":"2026-07-12T08:47:56.977Z","level":"info","message":"队列状态","meta":{"waiting":0,"active":0,"completed":0}}
{"timestamp":"2026-07-12T08:48:26.980Z","level":"info","message":"队列状态","meta":{"waiting":0,"active":0,"completed":0}}
{"timestamp":"2026-07-12T08:48:56.987Z","level":"info","message":"队列状态","meta":{"waiting":0,"active":0,"completed":0}}
{"timestamp":"2026-07-12T08:49:26.989Z","level":"info","message":"队列状态","meta":{"waiting":0,"active":0,"completed":0}}
{"timestamp":"2026-07-12T08:49:56.992Z","level":"info","message":"队列状态","meta":{"waiting":0,"active":0,"completed":0}}
{"timestamp":"2026-07-12T08:50:27.007Z","level":"info","message":"队列状态","meta":{"waiting":0,"active":0,"completed":0}}
{"timestamp":"2026-07-12T08:50:57.016Z","level":"info","message":"队列状态","meta":{"waiting":0,"active":0,"completed":0}}
{"timestamp":"2026-07-12T08:51:22.291Z","level":"info","message":"收到关闭信号（SIGINT），开始优雅关闭..."}
{"timestamp":"2026-07-12T08:51:22.403Z","level":"info","message":"AI 队列无 dispose 方法，跳过 aiQueue/solutionQueue 清理"}
{"timestamp":"2026-07-12T08:51:22.404Z","level":"info","message":"❌ 客户端断开: A4t4mvTkK8qT3FvhAAAV, 原因: server shutting down"}
{"timestamp":"2026-07-12T08:51:22.404Z","level":"info","message":"WebSocket 服务器已关闭"}
{"timestamp":"2026-07-12T08:51:22.405Z","level":"info","message":"评测队列资源已释放"}
{"timestamp":"2026-07-12T08:51:22.406Z","level":"info","message":"Redis 连接已关闭"}
{"timestamp":"2026-07-12T08:51:22.408Z","level":"info","message":"Redis connection closed"}
{"timestamp":"2026-07-12T08:51:22.409Z","level":"info","message":"Prisma 已断开连接"}
{"timestamp":"2026-07-12T08:51:27.026Z","level":"info","message":"队列状态","meta":{"waiting":0,"active":0,"completed":0}}
